<?xml version="1.0" encoding="UTF-8"?>
<testsuite xmlns:xsi="http://www.w3.org/2001/XMLSchema-instance" xsi:noNamespaceSchemaLocation="https://maven.apache.org/surefire/maven-surefire-plugin/xsd/surefire-test-report.xsd" name="service.ServiceTest" time="0.434" tests="11" errors="0" skipped="0" failures="0">
  <properties>
    <property name="sun.desktop" value="windows"/>
    <property name="awt.toolkit" value="sun.awt.windows.WToolkit"/>
    <property name="java.specification.version" value="11"/>
    <property name="sun.cpu.isalist" value="amd64"/>
    <property name="sun.jnu.encoding" value="Cp1252"/>
    <property name="java.class.path" value="D:\atom\Software Validation\Lab02-files\VVSSMV\target\test-classes;D:\atom\Software Validation\Lab02-files\VVSSMV\target\classes;C:\Users\spamt\.m2\repository\javax\annotation\javax.annotation-api\1.3.2\javax.annotation-api-1.3.2.jar;C:\Users\spamt\.m2\repository\junit\junit\4.12\junit-4.12.jar;C:\Users\spamt\.m2\repository\org\hamcrest\hamcrest-core\1.3\hamcrest-core-1.3.jar;C:\Users\spamt\.m2\repository\org\jboss\weld\weld-core\3.0.0.Alpha6\weld-core-3.0.0.Alpha6.jar;C:\Users\spamt\.m2\repository\javax\enterprise\cdi-api\1.2\cdi-api-1.2.jar;C:\Users\spamt\.m2\repository\javax\inject\javax.inject\1\javax.inject-1.jar;C:\Users\spamt\.m2\repository\org\jboss\weld\weld-api\3.0.Alpha5\weld-api-3.0.Alpha5.jar;C:\Users\spamt\.m2\repository\org\jboss\weld\weld-spi\3.0.Alpha5\weld-spi-3.0.Alpha5.jar;C:\Users\spamt\.m2\repository\org\jboss\classfilewriter\jboss-classfilewriter\1.0.5.Final\jboss-classfilewriter-1.0.5.Final.jar;C:\Users\spamt\.m2\repository\org\jboss\spec\javax\annotation\jboss-annotations-api_1.2_spec\1.0.0.Alpha1\jboss-annotations-api_1.2_spec-1.0.0.Alpha1.jar;C:\Users\spamt\.m2\repository\org\jboss\spec\javax\el\jboss-el-api_3.0_spec\1.0.0.Alpha1\jboss-el-api_3.0_spec-1.0.0.Alpha1.jar;C:\Users\spamt\.m2\repository\org\jboss\spec\javax\interceptor\jboss-interceptors-api_1.2_spec\1.0.0.Alpha3\jboss-interceptors-api_1.2_spec-1.0.0.Alpha3.jar;C:\Users\spamt\.m2\repository\org\jboss\logging\jboss-logging\3.1.3.GA\jboss-logging-3.1.3.GA.jar;C:\Users\spamt\.m2\repository\org\jboss\weld\module\weld-jsf\3.0.0.Alpha6\weld-jsf-3.0.0.Alpha6.jar;C:\Users\spamt\.m2\repository\org\jboss\weld\weld-core-impl\3.0.0.Alpha6\weld-core-impl-3.0.0.Alpha6.jar;C:\Users\spamt\.m2\repository\org\slf4j\slf4j-simple\2.0.0-alpha1\slf4j-simple-2.0.0-alpha1.jar;C:\Users\spamt\.m2\repository\org\slf4j\slf4j-api\2.0.0-alpha1\slf4j-api-2.0.0-alpha1.jar;"/>
    <property name="java.vm.vendor" value="Oracle Corporation"/>
    <property name="sun.arch.data.model" value="64"/>
    <property name="user.variant" value=""/>
    <property name="java.vendor.url" value="http://java.oracle.com/"/>
    <property name="user.timezone" value="Europe/Athens"/>
    <property name="java.vm.specification.version" value="11"/>
    <property name="os.name" value="Windows 10"/>
    <property name="sun.java.launcher" value="SUN_STANDARD"/>
    <property name="user.country" value="US"/>
    <property name="sun.boot.library.path" value="C:\Program Files\Java\jdk-11.0.2\bin"/>
    <property name="sun.java.command" value="C:\Users\spamt\AppData\Local\Temp\surefire12409467652076381544\surefirebooter3835252838796678327.jar C:\Users\spamt\AppData\Local\Temp\surefire12409467652076381544 2020-04-07T14-25-20_072-jvmRun1 surefire13695796207830126985tmp surefire_016780702330735904756tmp"/>
    <property name="jdk.debug" value="release"/>
    <property name="surefire.test.class.path" value="D:\atom\Software Validation\Lab02-files\VVSSMV\target\test-classes;D:\atom\Software Validation\Lab02-files\VVSSMV\target\classes;C:\Users\spamt\.m2\repository\javax\annotation\javax.annotation-api\1.3.2\javax.annotation-api-1.3.2.jar;C:\Users\spamt\.m2\repository\junit\junit\4.12\junit-4.12.jar;C:\Users\spamt\.m2\repository\org\hamcrest\hamcrest-core\1.3\hamcrest-core-1.3.jar;C:\Users\spamt\.m2\repository\org\jboss\weld\weld-core\3.0.0.Alpha6\weld-core-3.0.0.Alpha6.jar;C:\Users\spamt\.m2\repository\javax\enterprise\cdi-api\1.2\cdi-api-1.2.jar;C:\Users\spamt\.m2\repository\javax\inject\javax.inject\1\javax.inject-1.jar;C:\Users\spamt\.m2\repository\org\jboss\weld\weld-api\3.0.Alpha5\weld-api-3.0.Alpha5.jar;C:\Users\spamt\.m2\repository\org\jboss\weld\weld-spi\3.0.Alpha5\weld-spi-3.0.Alpha5.jar;C:\Users\spamt\.m2\repository\org\jboss\classfilewriter\jboss-classfilewriter\1.0.5.Final\jboss-classfilewriter-1.0.5.Final.jar;C:\Users\spamt\.m2\repository\org\jboss\spec\javax\annotation\jboss-annotations-api_1.2_spec\1.0.0.Alpha1\jboss-annotations-api_1.2_spec-1.0.0.Alpha1.jar;C:\Users\spamt\.m2\repository\org\jboss\spec\javax\el\jboss-el-api_3.0_spec\1.0.0.Alpha1\jboss-el-api_3.0_spec-1.0.0.Alpha1.jar;C:\Users\spamt\.m2\repository\org\jboss\spec\javax\interceptor\jboss-interceptors-api_1.2_spec\1.0.0.Alpha3\jboss-interceptors-api_1.2_spec-1.0.0.Alpha3.jar;C:\Users\spamt\.m2\repository\org\jboss\logging\jboss-logging\3.1.3.GA\jboss-logging-3.1.3.GA.jar;C:\Users\spamt\.m2\repository\org\jboss\weld\module\weld-jsf\3.0.0.Alpha6\weld-jsf-3.0.0.Alpha6.jar;C:\Users\spamt\.m2\repository\org\jboss\weld\weld-core-impl\3.0.0.Alpha6\weld-core-impl-3.0.0.Alpha6.jar;C:\Users\spamt\.m2\repository\org\slf4j\slf4j-simple\2.0.0-alpha1\slf4j-simple-2.0.0-alpha1.jar;C:\Users\spamt\.m2\repository\org\slf4j\slf4j-api\2.0.0-alpha1\slf4j-api-2.0.0-alpha1.jar;"/>
    <property name="sun.cpu.endian" value="little"/>
    <property name="user.home" value="C:\Users\spamt"/>
    <property name="user.language" value="en"/>
    <property name="java.specification.vendor" value="Oracle Corporation"/>
    <property name="java.version.date" value="2019-01-15"/>
    <property name="java.home" value="C:\Program Files\Java\jdk-11.0.2"/>
    <property name="file.separator" value="\"/>
    <property name="basedir" value="D:\atom\Software Validation\Lab02-files\VVSSMV"/>
    <property name="java.vm.compressedOopsMode" value="32-bit"/>
    <property name="line.separator" value="&#10;"/>
    <property name="java.specification.name" value="Java Platform API Specification"/>
    <property name="java.vm.specification.vendor" value="Oracle Corporation"/>
    <property name="java.awt.graphicsenv" value="sun.awt.Win32GraphicsEnvironment"/>
    <property name="surefire.real.class.path" value="C:\Users\spamt\AppData\Local\Temp\surefire12409467652076381544\surefirebooter3835252838796678327.jar"/>
    <property name="user.script" value=""/>
    <property name="sun.management.compiler" value="HotSpot 64-Bit Tiered Compilers"/>
    <property name="java.runtime.version" value="11.0.2+9-LTS"/>
    <property name="user.name" value="spamt"/>
    <property name="path.separator" value=";"/>
    <property name="os.version" value="10.0"/>
    <property name="java.runtime.name" value="Java(TM) SE Runtime Environment"/>
    <property name="file.encoding" value="Cp1252"/>
    <property name="java.vm.name" value="Java HotSpot(TM) 64-Bit Server VM"/>
    <property name="java.vendor.version" value="18.9"/>
    <property name="localRepository" value="C:\Users\spamt\.m2\repository"/>
    <property name="java.vendor.url.bug" value="http://bugreport.java.com/bugreport/"/>
    <property name="java.io.tmpdir" value="C:\Users\spamt\AppData\Local\Temp\"/>
    <property name="java.version" value="11.0.2"/>
    <property name="user.dir" value="D:\atom\Software Validation\Lab02-files\VVSSMV"/>
    <property name="os.arch" value="amd64"/>
    <property name="java.vm.specification.name" value="Java Virtual Machine Specification"/>
    <property name="java.awt.printerjob" value="sun.awt.windows.WPrinterJob"/>
    <property name="idea.version2019.1.2" value="true"/>
    <property name="sun.os.patch.level" value=""/>
    <property name="java.library.path" value="C:\Program Files\Java\jdk-11.0.2\bin;C:\WINDOWS\Sun\Java\bin;C:\WINDOWS\system32;C:\WINDOWS;C:\Program Files (x86)\Common Files\Oracle\Java\javapath;C:\WINDOWS\system32;C:\WINDOWS;C:\WINDOWS\System32\Wbem;C:\WINDOWS\System32\WindowsPowerShell\v1.0\;C:\WINDOWS\System32\OpenSSH\;C:\frc\bin;C:\GCC\mingw\bin;C:\Program Files\dotnet\;C:\Program Files (x86)\dotnet\;D:\Programs\Git\cmd;D:\Programs\Node\;D:\Programs\GnuWin32\bin;C:\Users\spamt\.windows-build-tools\python27\;C:\Program Files (x86)\Common Files\Oracle\Java\javapath;C:\WINDOWS\system32;C:\WINDOWS;C:\WINDOWS\System32\Wbem;C:\WINDOWS\System32\WindowsPowerShell\v1.0\;C:\WINDOWS\System32\OpenSSH\;C:\frc\bin;C:\GCC\mingw\bin;C:\Program Files\Microsoft SQL Server\Client SDK\ODBC\130\Tools\Binn\;C:\Program Files (x86)\Microsoft SQL Server\140\Tools\Binn\;C:\Program Files\Microsoft SQL Server\140\Tools\Binn\;C:\Program Files\Microsoft SQL Server\140\DTS\Binn\;C:\Program Files (x86)\Microsoft SQL Server\150\DTS\Binn\;C:\Program Files\dotnet\;C:\Program Files (x86)\dotnet\;D:\Programs\Git\cmd;C:\Program Files\Microsoft SQL Server\130\Tools\Binn\;C:\Users\spamt\AppData\Local\Programs\Python\Python37-32\Scripts\;C:\Users\spamt\AppData\Local\Programs\Python\Python37-32\;C:\Users\spamt\AppData\Local\Microsoft\WindowsApps;C:\Users\spamt\.dotnet\tools;D:\Programs\IntelliJ IDEA 2018.3.4\bin;D:\Programs\PhpStorm 2019.1.1\bin;C:\xampp\php\;C:\Users\spamt\AppData\Local\Microsoft\WindowsApps;D:\Programs\Microsoft VS Code\bin;C:\src\flutter\bin;C:\Users\spamt\AppData\Roaming\npm;D:\Programs\IntelliJ IDEA 2019.1.2\bin;;."/>
    <property name="java.vendor" value="Oracle Corporation"/>
    <property name="java.vm.info" value="mixed mode"/>
    <property name="java.vm.version" value="11.0.2+9-LTS"/>
    <property name="sun.io.unicode.encoding" value="UnicodeLittle"/>
    <property name="java.class.version" value="55.0"/>
  </properties>
  <testcase name="saveStudent00" classname="service.ServiceTest" time="0.132"/>
  <testcase name="saveStudent01" classname="service.ServiceTest" time="0.003"/>
  <testcase name="saveStudent02" classname="service.ServiceTest" time="0.004"/>
  <testcase name="saveStudent03" classname="service.ServiceTest" time="0.004"/>
  <testcase name="saveStudent04" classname="service.ServiceTest" time="0.004"/>
  <testcase name="saveStudent05" classname="service.ServiceTest" time="0.003"/>
  <testcase name="saveStudent06" classname="service.ServiceTest" time="0.003"/>
  <testcase name="saveStudent07" classname="service.ServiceTest" time="0.002"/>
  <testcase name="saveStudent08" classname="service.ServiceTest" time="0.002"/>
  <testcase name="saveStudent09" classname="service.ServiceTest" time="0.002"/>
  <testcase name="saveStudent10" classname="service.ServiceTest" time="0.004"/>
</testsuite>